<?xml version="1.0" encoding="UTF-8"?>
<testng-results ignored="0" total="1" passed="1" failed="0" skipped="0">
  <reporter-output>
  </reporter-output>
  <suite started-at="2023-03-10T11:07:31 IST" name="Suite" finished-at="2023-03-10T11:07:31 IST" duration-ms="48">
    <groups>
    </groups>
    <test started-at="2023-03-10T11:07:31 IST" name="Test" finished-at="2023-03-10T11:07:31 IST" duration-ms="48">
      <class name="com.mycompany.jenkins_03_09_pipeline.Jenkins_03_09_pipeline">
        <test-method signature="testAddition()[pri:0, instance:com.mycompany.jenkins_03_09_pipeline.Jenkins_03_09_pipeline@18ce0030]" started-at="2023-03-10T11:07:31 IST" name="testAddition" finished-at="2023-03-10T11:07:31 IST" duration-ms="12" status="PASS">
          <reporter-output>
          </reporter-output>
        </test-method> <!-- testAddition -->
      </class> <!-- com.mycompany.jenkins_03_09_pipeline.Jenkins_03_09_pipeline -->
    </test> <!-- Test -->
  </suite> <!-- Suite -->
</testng-results>
